TN:
SF:controller/user.js
FN:4,(anonymous_0)
FN:23,(anonymous_1)
FN:39,(anonymous_2)
FNF:3
FNH:2
FNDA:7,(anonymous_0)
FNDA:3,(anonymous_1)
FNDA:0,(anonymous_2)
DA:1,1
DA:2,1
DA:4,1
DA:5,7
DA:6,7
DA:8,7
DA:10,5
DA:15,5
DA:17,5
DA:19,2
DA:23,1
DA:24,3
DA:25,3
DA:27,3
DA:29,2
DA:31,2
DA:33,1
DA:35,2
DA:39,1
DA:40,0
DA:41,0
DA:43,0
DA:45,0
DA:50,0
DA:52,0
DA:54,0
LF:26
LH:19
BRDA:8,0,0,2
BRDA:8,0,1,5
BRDA:27,1,0,1
BRDA:27,1,1,2
BRDA:31,2,0,1
BRDA:31,2,1,1
BRF:6
BRH:6
end_of_record
TN:
SF:controller/user.validate.js
FN:3,(anonymous_0)
FN:11,(anonymous_1)
FN:22,(anonymous_2)
FN:30,(anonymous_3)
FNF:4
FNH:0
FNDA:0,(anonymous_0)
FNDA:0,(anonymous_1)
FNDA:0,(anonymous_2)
FNDA:0,(anonymous_3)
DA:1,1
DA:3,1
DA:4,0
DA:8,0
DA:11,1
DA:12,0
DA:14,0
DA:19,0
DA:22,1
DA:23,0
DA:27,0
DA:30,1
DA:31,0
DA:35,0
LF:14
LH:5
BRF:0
BRH:0
end_of_record
TN:
SF:model/User.js
FNF:0
FNH:0
DA:1,1
DA:2,1
DA:3,1
DA:5,1
DA:10,1
LF:5
LH:5
BRF:0
BRH:0
end_of_record
TN:
SF:tests/db.js
FN:4,(anonymous_0)
FN:15,(anonymous_1)
FN:21,(anonymous_2)
FNF:3
FNH:3
FNDA:1,(anonymous_0)
FNDA:1,(anonymous_1)
FNDA:5,(anonymous_2)
DA:1,1
DA:2,1
DA:4,1
DA:5,1
DA:6,1
DA:8,1
DA:12,1
DA:15,1
DA:16,1
DA:17,1
DA:18,1
DA:21,1
DA:22,5
DA:24,5
DA:25,5
DA:26,5
LF:16
LH:16
BRF:0
BRH:0
end_of_record
