{"/home/garance/Document/test-api-node/src/controller/user.js": {"path":"/home/garance/Document/test-api-node/src/controller/user.js","statementMap":{"0":{"start":{"line":1,"column":13},"end":{"line":1,"column":37}},"1":{"start":{"line":2,"column":79},"end":{"line":2,"column":117}},"2":{"start":{"line":4,"column":0},"end":{"line":21,"column":2}},"3":{"start":{"line":5,"column":2},"end":{"line":20,"column":3}},"4":{"start":{"line":6,"column":22},"end":{"line":6,"column":58}},"5":{"start":{"line":8,"column":4},"end":{"line":8,"column":57}},"6":{"start":{"line":8,"column":19},"end":{"line":8,"column":57}},"7":{"start":{"line":10,"column":20},"end":{"line":13,"column":6}},"8":{"start":{"line":15,"column":4},"end":{"line":15,"column":25}},"9":{"start":{"line":17,"column":4},"end":{"line":17,"column":19}},"10":{"start":{"line":19,"column":4},"end":{"line":19,"column":14}},"11":{"start":{"line":39,"column":0},"end":{"line":53,"column":2}},"12":{"start":{"line":40,"column":2},"end":{"line":52,"column":3}},"13":{"start":{"line":41,"column":24},"end":{"line":41,"column":64}},"14":{"start":{"line":43,"column":4},"end":{"line":43,"column":62}},"15":{"start":{"line":43,"column":23},"end":{"line":43,"column":62}},"16":{"start":{"line":45,"column":15},"end":{"line":45,"column":107}},"17":{"start":{"line":47,"column":4},"end":{"line":47,"column":54}},"18":{"start":{"line":47,"column":15},"end":{"line":47,"column":54}},"19":{"start":{"line":49,"column":4},"end":{"line":49,"column":16}},"20":{"start":{"line":51,"column":4},"end":{"line":51,"column":14}},"21":{"start":{"line":55,"column":0},"end":{"line":72,"column":2}},"22":{"start":{"line":56,"column":2},"end":{"line":71,"column":3}},"23":{"start":{"line":57,"column":28},"end":{"line":57,"column":36}},"24":{"start":{"line":59,"column":4},"end":{"line":59,"column":50}},"25":{"start":{"line":61,"column":20},"end":{"line":64,"column":6}},"26":{"start":{"line":66,"column":4},"end":{"line":66,"column":25}},"27":{"start":{"line":68,"column":4},"end":{"line":68,"column":29}},"28":{"start":{"line":70,"column":4},"end":{"line":70,"column":14}}},"fnMap":{"0":{"name":"(anonymous_0)","decl":{"start":{"line":4,"column":28},"end":{"line":4,"column":29}},"loc":{"start":{"line":4,"column":51},"end":{"line":21,"column":1}},"line":4},"1":{"name":"(anonymous_1)","decl":{"start":{"line":39,"column":33},"end":{"line":39,"column":34}},"loc":{"start":{"line":39,"column":74},"end":{"line":53,"column":1}},"line":39},"2":{"name":"(anonymous_2)","decl":{"start":{"line":55,"column":32},"end":{"line":55,"column":33}},"loc":{"start":{"line":55,"column":58},"end":{"line":72,"column":1}},"line":55}},"branchMap":{"0":{"loc":{"start":{"line":8,"column":4},"end":{"line":8,"column":57}},"type":"if","locations":[{"start":{"line":8,"column":4},"end":{"line":8,"column":57}},{"start":{},"end":{}}],"line":8},"1":{"loc":{"start":{"line":43,"column":4},"end":{"line":43,"column":62}},"type":"if","locations":[{"start":{"line":43,"column":4},"end":{"line":43,"column":62}},{"start":{},"end":{}}],"line":43},"2":{"loc":{"start":{"line":47,"column":4},"end":{"line":47,"column":54}},"type":"if","locations":[{"start":{"line":47,"column":4},"end":{"line":47,"column":54}},{"start":{},"end":{}}],"line":47}},"s":{"0":1,"1":1,"2":1,"3":7,"4":7,"5":7,"6":2,"7":5,"8":5,"9":5,"10":2,"11":1,"12":3,"13":3,"14":3,"15":1,"16":2,"17":2,"18":1,"19":1,"20":2,"21":1,"22":0,"23":0,"24":0,"25":0,"26":0,"27":0,"28":0},"f":{"0":7,"1":3,"2":0},"b":{"0":[2,5],"1":[1,2],"2":[1,1]},"_coverageSchema":"1a1c01bbd47fc00a2c39e90264f33305004495a9","hash":"1c2bd82a2912c56e887b4eeaab98e363cfc7f79f"}
,"/home/garance/Document/test-api-node/src/controller/user.validate.js": {"path":"/home/garance/Document/test-api-node/src/controller/user.validate.js","statementMap":{"0":{"start":{"line":1,"column":12},"end":{"line":1,"column":26}},"1":{"start":{"line":3,"column":0},"end":{"line":9,"column":2}},"2":{"start":{"line":4,"column":17},"end":{"line":7,"column":4}},"3":{"start":{"line":8,"column":2},"end":{"line":8,"column":31}},"4":{"start":{"line":11,"column":0},"end":{"line":20,"column":2}},"5":{"start":{"line":12,"column":15},"end":{"line":12,"column":23}},"6":{"start":{"line":14,"column":17},"end":{"line":17,"column":4}},"7":{"start":{"line":19,"column":2},"end":{"line":19,"column":31}},"8":{"start":{"line":22,"column":0},"end":{"line":28,"column":2}},"9":{"start":{"line":23,"column":17},"end":{"line":26,"column":4}},"10":{"start":{"line":27,"column":2},"end":{"line":27,"column":31}},"11":{"start":{"line":30,"column":0},"end":{"line":36,"column":2}},"12":{"start":{"line":31,"column":17},"end":{"line":34,"column":4}},"13":{"start":{"line":35,"column":2},"end":{"line":35,"column":31}}},"fnMap":{"0":{"name":"(anonymous_0)","decl":{"start":{"line":3,"column":36},"end":{"line":3,"column":37}},"loc":{"start":{"line":3,"column":46},"end":{"line":9,"column":1}},"line":3},"1":{"name":"(anonymous_1)","decl":{"start":{"line":11,"column":40},"end":{"line":11,"column":41}},"loc":{"start":{"line":11,"column":60},"end":{"line":20,"column":1}},"line":11},"2":{"name":"(anonymous_2)","decl":{"start":{"line":22,"column":34},"end":{"line":22,"column":35}},"loc":{"start":{"line":22,"column":44},"end":{"line":28,"column":1}},"line":22},"3":{"name":"(anonymous_3)","decl":{"start":{"line":30,"column":40},"end":{"line":30,"column":41}},"loc":{"start":{"line":30,"column":50},"end":{"line":36,"column":1}},"line":30}},"branchMap":{},"s":{"0":1,"1":1,"2":0,"3":0,"4":1,"5":0,"6":0,"7":0,"8":1,"9":0,"10":0,"11":1,"12":0,"13":0},"f":{"0":0,"1":0,"2":0,"3":0},"b":{},"_coverageSchema":"1a1c01bbd47fc00a2c39e90264f33305004495a9","hash":"92dcfe12d4dd22df8e9bdce9127f3bc6e67f4ce3"}
,"/home/garance/Document/test-api-node/src/model/User.js": {"path":"/home/garance/Document/test-api-node/src/model/User.js","statementMap":{"0":{"start":{"line":1,"column":17},"end":{"line":1,"column":36}},"1":{"start":{"line":2,"column":15},"end":{"line":2,"column":30}},"2":{"start":{"line":3,"column":12},"end":{"line":3,"column":35}},"3":{"start":{"line":5,"column":19},"end":{"line":8,"column":2}},"4":{"start":{"line":10,"column":0},"end":{"line":10,"column":52}}},"fnMap":{},"branchMap":{},"s":{"0":1,"1":1,"2":1,"3":1,"4":1},"f":{},"b":{},"_coverageSchema":"1a1c01bbd47fc00a2c39e90264f33305004495a9","hash":"ff3ac8cfa2abc7c093115bc3e6aba152803e290f"}
,"/home/garance/Document/test-api-node/src/tests/db.js": {"path":"/home/garance/Document/test-api-node/src/tests/db.js","statementMap":{"0":{"start":{"line":1,"column":17},"end":{"line":1,"column":36}},"1":{"start":{"line":2,"column":30},"end":{"line":2,"column":62}},"2":{"start":{"line":4,"column":0},"end":{"line":13,"column":2}},"3":{"start":{"line":5,"column":2},"end":{"line":5,"column":44}},"4":{"start":{"line":6,"column":2},"end":{"line":6,"column":24}},"5":{"start":{"line":8,"column":23},"end":{"line":11,"column":3}},"6":{"start":{"line":12,"column":2},"end":{"line":12,"column":44}},"7":{"start":{"line":15,"column":0},"end":{"line":19,"column":2}},"8":{"start":{"line":16,"column":2},"end":{"line":16,"column":43}},"9":{"start":{"line":17,"column":2},"end":{"line":17,"column":36}},"10":{"start":{"line":18,"column":2},"end":{"line":18,"column":22}},"11":{"start":{"line":21,"column":0},"end":{"line":28,"column":2}},"12":{"start":{"line":22,"column":22},"end":{"line":22,"column":53}},"13":{"start":{"line":24,"column":2},"end":{"line":27,"column":3}},"14":{"start":{"line":25,"column":23},"end":{"line":25,"column":39}},"15":{"start":{"line":26,"column":4},"end":{"line":26,"column":34}}},"fnMap":{"0":{"name":"(anonymous_0)","decl":{"start":{"line":4,"column":25},"end":{"line":4,"column":26}},"loc":{"start":{"line":4,"column":37},"end":{"line":13,"column":1}},"line":4},"1":{"name":"(anonymous_1)","decl":{"start":{"line":15,"column":31},"end":{"line":15,"column":32}},"loc":{"start":{"line":15,"column":43},"end":{"line":19,"column":1}},"line":15},"2":{"name":"(anonymous_2)","decl":{"start":{"line":21,"column":31},"end":{"line":21,"column":32}},"loc":{"start":{"line":21,"column":43},"end":{"line":28,"column":1}},"line":21}},"branchMap":{},"s":{"0":1,"1":1,"2":1,"3":1,"4":1,"5":1,"6":1,"7":1,"8":1,"9":1,"10":1,"11":1,"12":5,"13":5,"14":5,"15":5},"f":{"0":1,"1":1,"2":5},"b":{},"_coverageSchema":"1a1c01bbd47fc00a2c39e90264f33305004495a9","hash":"3d5d235205c2e77d33ee3bc0114ffcba710d9f7c"}
}
