TN:
SF:controller/user.js
FN:3,(anonymous_0)
FN:22,(anonymous_1)
FNF:2
FNH:2
FNDA:7,(anonymous_0)
FNDA:3,(anonymous_1)
DA:1,1
DA:3,1
DA:4,7
DA:5,7
DA:7,7
DA:9,5
DA:14,5
DA:16,5
DA:18,2
DA:22,1
DA:23,3
DA:24,3
DA:26,3
DA:28,2
DA:30,2
DA:32,1
DA:34,2
LF:17
LH:17
BRDA:7,0,0,2
BRDA:7,0,1,5
BRDA:26,1,0,1
BRDA:26,1,1,2
BRDA:30,2,0,1
BRDA:30,2,1,1
BRF:6
BRH:6
end_of_record
TN:
SF:model/User.js
FNF:0
FNH:0
DA:1,1
DA:2,1
DA:3,1
DA:5,1
DA:10,1
LF:5
LH:5
BRF:0
BRH:0
end_of_record
TN:
SF:tests/db.js
FN:4,(anonymous_0)
FN:15,(anonymous_1)
FN:21,(anonymous_2)
FNF:3
FNH:3
FNDA:1,(anonymous_0)
FNDA:1,(anonymous_1)
FNDA:5,(anonymous_2)
DA:1,1
DA:2,1
DA:4,1
DA:5,1
DA:6,1
DA:8,1
DA:12,1
DA:15,1
DA:16,1
DA:17,1
DA:18,1
DA:21,1
DA:22,5
DA:24,5
DA:25,5
DA:26,5
LF:16
LH:16
BRF:0
BRH:0
end_of_record
